[2022-09-24 01:34:55] local.DEBUG:   
[2022-09-24 01:34:57] local.DEBUG:   
[2022-09-24 01:35:58] local.DEBUG:   
[2022-09-24 01:36:58] local.DEBUG:   
[2022-09-24 01:37:36] local.DEBUG:   
[2022-09-24 01:37:38] local.DEBUG:   
[2022-09-24 01:37:41] local.DEBUG:   
[2022-09-24 01:37:45] local.DEBUG:   
[2022-09-24 01:37:47] local.DEBUG:   
[2022-09-24 01:37:49] local.DEBUG: alcabala  
[2022-09-24 01:38:20] local.DEBUG: alcabala  
[2022-09-24 01:38:50] local.DEBUG: alcabala  
[2022-09-24 01:38:53] local.DEBUG: alcabala  
[2022-09-24 01:39:24] local.DEBUG: alcabala  
[2022-09-24 01:39:32] local.DEBUG: alcabala  
[2022-09-24 01:40:03] local.DEBUG: alcabala  
[2022-09-24 01:40:05] local.DEBUG: alcabala  
[2022-09-24 01:40:07] local.DEBUG: alcabala  
[2022-09-24 01:40:09] local.DEBUG: alcabala  
[2022-09-24 01:40:15] local.DEBUG: alcabala  
[2022-09-24 01:40:17] local.DEBUG: alcabala  
[2022-09-24 01:40:19] local.DEBUG: alcabala  
[2022-09-24 01:40:21] local.DEBUG:   
[2022-09-24 01:41:11] local.DEBUG:   
[2022-09-24 01:41:16] local.DEBUG:   
[2022-09-24 01:41:18] local.DEBUG: alcabala  
[2022-09-24 01:41:24] local.DEBUG:   
[2022-09-24 01:41:44] local.DEBUG:   
[2022-09-24 01:41:47] local.DEBUG:   
[2022-09-24 01:41:50] local.DEBUG:   
[2022-09-24 01:41:53] local.DEBUG:   
[2022-09-24 01:41:55] local.DEBUG: alcabala  
[2022-09-24 01:42:06] local.DEBUG:   
[2022-09-24 01:42:09] local.DEBUG:   
[2022-09-24 01:42:11] local.DEBUG:   
[2022-09-24 01:43:12] local.DEBUG:   
[2022-09-24 01:43:35] local.DEBUG:   
[2022-09-24 01:43:43] local.DEBUG: alcabala  
[2022-09-24 01:43:45] local.DEBUG: alcabala  
[2022-09-24 01:43:48] local.DEBUG: alcabala  
[2022-09-24 01:43:50] local.DEBUG: alcabala  
[2022-09-24 01:43:52] local.DEBUG: monitorreclamo  
[2022-09-24 01:43:54] local.DEBUG: monitorreclamo  
[2022-09-24 01:43:56] local.DEBUG: monitorreclamo  
[2022-09-24 01:43:59] local.DEBUG:   
[2022-09-24 01:44:32] local.DEBUG:   
[2022-09-24 01:44:37] local.DEBUG:   
[2022-09-24 01:44:45] local.DEBUG:   
[2022-09-24 01:44:48] local.DEBUG: alcabala  
[2022-09-24 01:45:19] local.DEBUG: alcabala  
[2022-09-24 01:45:50] local.DEBUG: alcabala  
[2022-09-24 01:46:10] local.DEBUG: alcabala  
[2022-09-24 01:46:15] local.DEBUG: alcabala  
[2022-09-24 01:46:30] local.DEBUG: alcabala  
[2022-09-24 01:47:00] local.DEBUG: alcabala  
[2022-09-24 01:47:32] local.DEBUG: alcabala  
[2022-09-24 01:47:33] local.DEBUG: alcabala  
[2022-09-24 01:47:39] local.DEBUG: alcabala  
[2022-09-24 01:47:44] local.DEBUG: alcabala  
[2022-09-24 01:47:49] local.DEBUG: alcabala  
[2022-09-24 01:48:11] local.DEBUG: alcabala  
[2022-09-24 01:48:16] local.DEBUG: alcabala  
[2022-09-24 01:48:20] local.DEBUG: alcabala  
[2022-09-24 01:48:50] local.DEBUG: alcabala  
[2022-09-24 01:49:21] local.DEBUG: alcabala  
[2022-09-24 01:49:29] local.DEBUG: alcabala  
[2022-09-24 01:49:32] local.DEBUG: alcabala  
[2022-09-24 01:50:03] local.DEBUG: alcabala  
[2022-09-24 01:50:13] local.DEBUG: alcabala  
[2022-09-24 01:50:18] local.DEBUG: alcabala  
[2022-09-24 01:50:49] local.DEBUG: alcabala  
[2022-09-24 01:50:53] local.DEBUG: alcabala  
[2022-09-24 01:50:56] local.DEBUG: alcabala  
[2022-09-24 01:51:27] local.DEBUG: alcabala  
[2022-09-24 01:51:32] local.DEBUG: alcabala  
[2022-09-24 01:52:03] local.DEBUG: alcabala  
[2022-09-24 01:52:34] local.DEBUG: alcabala  
[2022-09-24 01:53:01] local.DEBUG: alcabala  
[2022-09-24 01:53:06] local.DEBUG: alcabala  
[2022-09-24 01:53:23] local.DEBUG: alcabala  
[2022-09-24 01:53:54] local.DEBUG: alcabala  
[2022-09-24 01:54:10] local.DEBUG: alcabala  
[2022-09-24 01:54:14] local.DEBUG: alcabala  
[2022-09-24 01:54:16] local.DEBUG: alcabala  
[2022-09-24 01:54:19] local.DEBUG: alcabala  
[2022-09-24 01:54:22] local.DEBUG: alcabala  
[2022-09-24 01:54:23] local.DEBUG: alcabala  
[2022-09-24 01:54:25] local.DEBUG: monitorreclamo  
[2022-09-24 01:54:28] local.DEBUG: monitorreclamo  
[2022-09-24 01:54:30] local.DEBUG: monitorreclamo  
[2022-09-24 01:54:32] local.DEBUG: monitorpago  
[2022-09-24 01:54:35] local.DEBUG: monitorpago  
[2022-09-24 01:54:37] local.DEBUG: monitorpago  
[2022-09-24 01:54:40] local.DEBUG: monitorpago  
[2022-09-24 01:54:42] local.DEBUG: clientes  
[2022-09-24 01:54:45] local.DEBUG: clientes  
[2022-09-24 01:54:47] local.DEBUG: clientes  
